<?xml version="1.0" encoding="UTF-8"?>
<testng-results ignored="0" total="1" passed="1" failed="0" skipped="0">
  <reporter-output>
  </reporter-output>
  <suite started-at="2023-11-11T16:57:17 BDT" name="Default suite" finished-at="2023-11-11T16:57:48 BDT" duration-ms="31156">
    <groups>
    </groups>
    <test started-at="2023-11-11T16:57:17 BDT" name="Default test" finished-at="2023-11-11T16:57:48 BDT" duration-ms="31156">
      <class name="Automate_1.Scenario1_test">
        <test-method is-config="true" signature="startApp()[pri:0, instance:Automate_1.Scenario1_test@771a660]" started-at="2023-11-11T16:57:17 BDT" name="startApp" finished-at="2023-11-11T16:57:25 BDT" duration-ms="8232" status="PASS">
          <reporter-output>
          </reporter-output>
        </test-method> <!-- startApp -->
        <test-method signature="runApp()[pri:0, instance:Automate_1.Scenario1_test@771a660]" started-at="2023-11-11T16:57:25 BDT" name="runApp" finished-at="2023-11-11T16:57:48 BDT" duration-ms="22850" status="PASS">
          <reporter-output>
          </reporter-output>
        </test-method> <!-- runApp -->
      </class> <!-- Automate_1.Scenario1_test -->
    </test> <!-- Default test -->
  </suite> <!-- Default suite -->
</testng-results>
